Arguments: 
  C:\Program Files\nodejs\node.exe C:\Users\joell\AppData\Roaming\npm\node_modules\yarn\bin\yarn.js add typescript tsnode @types/node

PATH: 
  C:\Windows\system32;C:\Windows;C:\Windows\System32\Wbem;C:\Windows\System32\WindowsPowerShell\v1.0\;C:\Windows\System32\OpenSSH\;C:\Program Files\Git\cmd;C:\Program Files\dotnet\;C:\Program Files\nodejs\;C:\Users\joell\AppData\Local\Programs\Python\Python310\Scripts\;C:\Users\joell\AppData\Local\Programs\Python\Python310\;C:\Users\joell\scoop\shims;C:\Users\joell\AppData\Local\Microsoft\WindowsApps;C:\Users\joell\AppData\Local\Programs\Microsoft VS Code\bin;C:\Users\joell\AppData\Roaming\npm

Yarn version: 
  1.22.19

Node version: 
  16.17.0

Platform: 
  win32 x64

Trace: 
  Error: https://registry.yarnpkg.com/tsnode: Not found
      at Request.params.callback [as _callback] (C:\Users\joell\AppData\Roaming\npm\node_modules\yarn\lib\cli.js:66145:18)
      at Request.self.callback (C:\Users\joell\AppData\Roaming\npm\node_modules\yarn\lib\cli.js:140890:22)
      at Request.emit (node:events:513:28)
      at Request.<anonymous> (C:\Users\joell\AppData\Roaming\npm\node_modules\yarn\lib\cli.js:141862:10)
      at Request.emit (node:events:513:28)
      at IncomingMessage.<anonymous> (C:\Users\joell\AppData\Roaming\npm\node_modules\yarn\lib\cli.js:141784:12)
      at Object.onceWrapper (node:events:627:28)
      at IncomingMessage.emit (node:events:525:35)
      at endReadableNT (node:internal/streams/readable:1358:12)
      at processTicksAndRejections (node:internal/process/task_queues:83:21)

npm manifest: 
  {
    "name": "tecky-project",
    "version": "1.0.0",
    "description": "",
    "main": "index.js",
    "scripts": {
      "test": "echo \"Error: no test specified\" && exit 1"
    },
    "repository": "git+https://github.com/joellauchinling/tecky-project.git",
    "keywords": [],
    "author": "Joel Lau <joel.lau.40256@gmail.com>",
    "license": "ISC",
    "bugs": {
      "url": "https://github.com/joellauchinling/tecky-project/issues"
    },
    "homepage": "https://github.com/joellauchinling/tecky-project#readme",
    "dependencies": {
      "@types/node": "^18.8.4",
      "node-fetch": "^3.2.10",
      "ts-node": "^10.9.1",
      "typescript": "^4.8.4"
    }
  }

yarn manifest: 
  No manifest

Lockfile: 
  No lockfile
